<?xml version="1.0" encoding="UTF-8"?>
<!-- Generated by org.testng.reporters.JUnitReportReporter -->
<testsuite skipped="0" hostname="EN911178" name="steps.TestRunner" tests="1" failures="0" timestamp="2020-04-08T01:03:14 COT" time="25.387" errors="0">
  <testcase name="NavigateToPlayoffMachine" time="25.387" classname="steps.TestRunner"/>
  <system-out/>
</testsuite> <!-- steps.TestRunner -->
